{"C:\\Users\\MiracleAdams\\projects\\taskManager\\src\\app\\api\\tasks\\route.ts": {"path":"C:\\Users\\MiracleAdams\\projects\\taskManager\\src\\app\\api\\tasks\\route.ts","statementMap":{"0":{"start":{"line":49,"column":22},"end":{"line":49,"column":26}},"1":{"start":{"line":4,"column":22},"end":{"line":4,"column":27}},"2":{"start":{"line":1,"column":29},"end":{"line":1,"column":null}},"3":{"start":{"line":2,"column":17},"end":{"line":2,"column":null}},"4":{"start":{"line":5,"column":2},"end":{"line":46,"column":null}},"5":{"start":{"line":6,"column":17},"end":{"line":6,"column":null}},"6":{"start":{"line":7,"column":54},"end":{"line":7,"column":null}},"7":{"start":{"line":10,"column":19},"end":{"line":10,"column":21}},"8":{"start":{"line":12,"column":4},"end":{"line":18,"column":null}},"9":{"start":{"line":13,"column":6},"end":{"line":17,"column":null}},"10":{"start":{"line":20,"column":4},"end":{"line":26,"column":null}},"11":{"start":{"line":21,"column":6},"end":{"line":25,"column":null}},"12":{"start":{"line":28,"column":4},"end":{"line":30,"column":null}},"13":{"start":{"line":29,"column":6},"end":{"line":29,"column":null}},"14":{"start":{"line":32,"column":17},"end":{"line":37,"column":null}},"15":{"start":{"line":39,"column":4},"end":{"line":39,"column":null}},"16":{"start":{"line":41,"column":4},"end":{"line":41,"column":null}},"17":{"start":{"line":42,"column":4},"end":{"line":44,"column":null}},"18":{"start":{"line":50,"column":2},"end":{"line":106,"column":null}},"19":{"start":{"line":51,"column":29},"end":{"line":51,"column":null}},"20":{"start":{"line":52,"column":18},"end":{"line":52,"column":null}},"21":{"start":{"line":53,"column":19},"end":{"line":53,"column":null}},"22":{"start":{"line":54,"column":21},"end":{"line":54,"column":null}},"23":{"start":{"line":57,"column":19},"end":{"line":57,"column":21}},"24":{"start":{"line":59,"column":4},"end":{"line":65,"column":null}},"25":{"start":{"line":60,"column":6},"end":{"line":64,"column":null}},"26":{"start":{"line":67,"column":4},"end":{"line":73,"column":null}},"27":{"start":{"line":68,"column":6},"end":{"line":72,"column":null}},"28":{"start":{"line":75,"column":4},"end":{"line":81,"column":null}},"29":{"start":{"line":76,"column":6},"end":{"line":80,"column":null}},"30":{"start":{"line":83,"column":4},"end":{"line":85,"column":null}},"31":{"start":{"line":84,"column":6},"end":{"line":84,"column":null}},"32":{"start":{"line":87,"column":18},"end":{"line":91,"column":null}},"33":{"start":{"line":93,"column":4},"end":{"line":99,"column":null}},"34":{"start":{"line":101,"column":4},"end":{"line":101,"column":null}},"35":{"start":{"line":102,"column":4},"end":{"line":104,"column":null}}},"fnMap":{"0":{"name":"POST","decl":{"start":{"line":4,"column":22},"end":{"line":4,"column":27}},"loc":{"start":{"line":4,"column":43},"end":{"line":47,"column":null}}},"1":{"name":"GET","decl":{"start":{"line":49,"column":22},"end":{"line":49,"column":26}},"loc":{"start":{"line":49,"column":42},"end":{"line":107,"column":null}}}},"branchMap":{"0":{"loc":{"start":{"line":12,"column":4},"end":{"line":18,"column":null}},"type":"if","locations":[{"start":{"line":12,"column":4},"end":{"line":18,"column":null}}]},"1":{"loc":{"start":{"line":12,"column":8},"end":{"line":12,"column":39}},"type":"binary-expr","locations":[{"start":{"line":12,"column":8},"end":{"line":12,"column":18}},{"start":{"line":12,"column":18},"end":{"line":12,"column":39}}]},"2":{"loc":{"start":{"line":20,"column":4},"end":{"line":26,"column":null}},"type":"if","locations":[{"start":{"line":20,"column":4},"end":{"line":26,"column":null}}]},"3":{"loc":{"start":{"line":20,"column":8},"end":{"line":20,"column":67}},"type":"binary-expr","locations":[{"start":{"line":20,"column":8},"end":{"line":20,"column":20}},{"start":{"line":20,"column":20},"end":{"line":20,"column":67}}]},"4":{"loc":{"start":{"line":28,"column":4},"end":{"line":30,"column":null}},"type":"if","locations":[{"start":{"line":28,"column":4},"end":{"line":30,"column":null}}]},"5":{"loc":{"start":{"line":36,"column":16},"end":{"line":36,"column":null}},"type":"binary-expr","locations":[{"start":{"line":36,"column":16},"end":{"line":36,"column":28}},{"start":{"line":36,"column":28},"end":{"line":36,"column":null}}]},"6":{"loc":{"start":{"line":52,"column":27},"end":{"line":52,"column":null}},"type":"binary-expr","locations":[{"start":{"line":52,"column":27},"end":{"line":52,"column":56}},{"start":{"line":52,"column":56},"end":{"line":52,"column":null}}]},"7":{"loc":{"start":{"line":53,"column":28},"end":{"line":53,"column":null}},"type":"binary-expr","locations":[{"start":{"line":53,"column":28},"end":{"line":53,"column":58}},{"start":{"line":53,"column":58},"end":{"line":53,"column":null}}]},"8":{"loc":{"start":{"line":59,"column":4},"end":{"line":65,"column":null}},"type":"if","locations":[{"start":{"line":59,"column":4},"end":{"line":65,"column":null}}]},"9":{"loc":{"start":{"line":67,"column":4},"end":{"line":73,"column":null}},"type":"if","locations":[{"start":{"line":67,"column":4},"end":{"line":73,"column":null}}]},"10":{"loc":{"start":{"line":75,"column":4},"end":{"line":81,"column":null}},"type":"if","locations":[{"start":{"line":75,"column":4},"end":{"line":81,"column":null}}]},"11":{"loc":{"start":{"line":75,"column":8},"end":{"line":75,"column":67}},"type":"binary-expr","locations":[{"start":{"line":75,"column":8},"end":{"line":75,"column":20}},{"start":{"line":75,"column":20},"end":{"line":75,"column":67}}]},"12":{"loc":{"start":{"line":83,"column":4},"end":{"line":85,"column":null}},"type":"if","locations":[{"start":{"line":83,"column":4},"end":{"line":85,"column":null}}]},"13":{"loc":{"start":{"line":97,"column":18},"end":{"line":97,"column":null}},"type":"binary-expr","locations":[{"start":{"line":97,"column":18},"end":{"line":97,"column":30}},{"start":{"line":97,"column":30},"end":{"line":97,"column":null}}]}},"s":{"0":10,"1":8,"2":2,"3":2,"4":8,"5":8,"6":8,"7":8,"8":8,"9":2,"10":8,"11":1,"12":8,"13":3,"14":5,"15":4,"16":1,"17":1,"18":10,"19":10,"20":10,"21":10,"22":10,"23":10,"24":10,"25":1,"26":10,"27":1,"28":10,"29":1,"30":10,"31":2,"32":8,"33":7,"34":1,"35":1},"f":{"0":8,"1":10},"b":{"0":[2],"1":[8,6],"2":[1],"3":[8,5],"4":[3],"5":[5,2],"6":[10,6],"7":[10,6],"8":[1],"9":[1],"10":[1],"11":[10,3],"12":[2],"13":[7,5]}}
,"C:\\Users\\MiracleAdams\\projects\\taskManager\\src\\app\\api\\tasks\\[id]\\route.ts": {"path":"C:\\Users\\MiracleAdams\\projects\\taskManager\\src\\app\\api\\tasks\\[id]\\route.ts","statementMap":{"0":{"start":{"line":4,"column":22},"end":{"line":4,"column":null}},"1":{"start":{"line":1,"column":29},"end":{"line":1,"column":null}},"2":{"start":{"line":2,"column":17},"end":{"line":2,"column":null}},"3":{"start":{"line":8,"column":2},"end":{"line":32,"column":null}},"4":{"start":{"line":9,"column":19},"end":{"line":9,"column":null}},"5":{"start":{"line":11,"column":17},"end":{"line":11,"column":null}},"6":{"start":{"line":13,"column":4},"end":{"line":18,"column":null}},"7":{"start":{"line":14,"column":6},"end":{"line":16,"column":null}},"8":{"start":{"line":20,"column":4},"end":{"line":20,"column":null}},"9":{"start":{"line":22,"column":4},"end":{"line":24,"column":null}},"10":{"start":{"line":27,"column":4},"end":{"line":27,"column":null}},"11":{"start":{"line":28,"column":4},"end":{"line":30,"column":null}}},"fnMap":{"0":{"name":"DELETE","decl":{"start":{"line":4,"column":22},"end":{"line":4,"column":null}},"loc":{"start":{"line":6,"column":49},"end":{"line":33,"column":null}}}},"branchMap":{"0":{"loc":{"start":{"line":13,"column":4},"end":{"line":18,"column":null}},"type":"if","locations":[{"start":{"line":13,"column":4},"end":{"line":18,"column":null}}]}},"s":{"0":2,"1":1,"2":1,"3":2,"4":2,"5":2,"6":2,"7":1,"8":1,"9":1,"10":0,"11":0},"f":{"0":2},"b":{"0":[1]}}
,"C:\\Users\\MiracleAdams\\projects\\taskManager\\src\\app\\api\\tasks\\[id]\\status\\route.ts": {"path":"C:\\Users\\MiracleAdams\\projects\\taskManager\\src\\app\\api\\tasks\\[id]\\status\\route.ts","statementMap":{"0":{"start":{"line":4,"column":22},"end":{"line":4,"column":null}},"1":{"start":{"line":1,"column":29},"end":{"line":1,"column":null}},"2":{"start":{"line":2,"column":17},"end":{"line":2,"column":null}},"3":{"start":{"line":8,"column":2},"end":{"line":55,"column":null}},"4":{"start":{"line":9,"column":19},"end":{"line":9,"column":null}},"5":{"start":{"line":10,"column":17},"end":{"line":10,"column":null}},"6":{"start":{"line":11,"column":23},"end":{"line":11,"column":null}},"7":{"start":{"line":14,"column":19},"end":{"line":14,"column":21}},"8":{"start":{"line":16,"column":4},"end":{"line":22,"column":null}},"9":{"start":{"line":17,"column":6},"end":{"line":21,"column":null}},"10":{"start":{"line":24,"column":4},"end":{"line":30,"column":null}},"11":{"start":{"line":25,"column":6},"end":{"line":29,"column":null}},"12":{"start":{"line":32,"column":4},"end":{"line":34,"column":null}},"13":{"start":{"line":33,"column":6},"end":{"line":33,"column":null}},"14":{"start":{"line":36,"column":17},"end":{"line":36,"column":null}},"15":{"start":{"line":38,"column":4},"end":{"line":43,"column":null}},"16":{"start":{"line":39,"column":6},"end":{"line":41,"column":null}},"17":{"start":{"line":45,"column":4},"end":{"line":45,"column":null}},"18":{"start":{"line":46,"column":4},"end":{"line":46,"column":null}},"19":{"start":{"line":48,"column":4},"end":{"line":48,"column":null}},"20":{"start":{"line":50,"column":4},"end":{"line":50,"column":null}},"21":{"start":{"line":51,"column":4},"end":{"line":53,"column":null}}},"fnMap":{"0":{"name":"PATCH","decl":{"start":{"line":4,"column":22},"end":{"line":4,"column":null}},"loc":{"start":{"line":6,"column":49},"end":{"line":56,"column":null}}}},"branchMap":{"0":{"loc":{"start":{"line":16,"column":4},"end":{"line":22,"column":null}},"type":"if","locations":[{"start":{"line":16,"column":4},"end":{"line":22,"column":null}}]},"1":{"loc":{"start":{"line":24,"column":4},"end":{"line":30,"column":null}},"type":"if","locations":[{"start":{"line":24,"column":4},"end":{"line":30,"column":null}}]},"2":{"loc":{"start":{"line":24,"column":8},"end":{"line":24,"column":62}},"type":"binary-expr","locations":[{"start":{"line":24,"column":8},"end":{"line":24,"column":18}},{"start":{"line":24,"column":18},"end":{"line":24,"column":62}}]},"3":{"loc":{"start":{"line":32,"column":4},"end":{"line":34,"column":null}},"type":"if","locations":[{"start":{"line":32,"column":4},"end":{"line":34,"column":null}}]},"4":{"loc":{"start":{"line":38,"column":4},"end":{"line":43,"column":null}},"type":"if","locations":[{"start":{"line":38,"column":4},"end":{"line":43,"column":null}}]}},"s":{"0":5,"1":1,"2":1,"3":5,"4":5,"5":5,"6":5,"7":5,"8":5,"9":0,"10":5,"11":1,"12":5,"13":1,"14":4,"15":4,"16":1,"17":3,"18":3,"19":3,"20":0,"21":0},"f":{"0":5},"b":{"0":[0],"1":[1],"2":[5,5],"3":[1],"4":[1]}}
,"C:\\Users\\MiracleAdams\\projects\\taskManager\\src\\models\\Task.js": {"path":"C:\\Users\\MiracleAdams\\projects\\taskManager\\src\\models\\Task.js","statementMap":{"0":{"start":{"line":2,"column":12},"end":{"line":2,"column":14}},"1":{"start":{"line":3,"column":13},"end":{"line":3,"column":null}},"2":{"start":{"line":7,"column":4},"end":{"line":7,"column":null}},"3":{"start":{"line":8,"column":4},"end":{"line":8,"column":null}},"4":{"start":{"line":9,"column":4},"end":{"line":9,"column":null}},"5":{"start":{"line":10,"column":4},"end":{"line":10,"column":null}},"6":{"start":{"line":11,"column":4},"end":{"line":11,"column":null}},"7":{"start":{"line":12,"column":4},"end":{"line":12,"column":null}},"8":{"start":{"line":13,"column":4},"end":{"line":13,"column":null}},"9":{"start":{"line":14,"column":4},"end":{"line":14,"column":null}},"10":{"start":{"line":18,"column":4},"end":{"line":18,"column":null}},"11":{"start":{"line":22,"column":24},"end":{"line":22,"column":null}},"12":{"start":{"line":25,"column":4},"end":{"line":27,"column":null}},"13":{"start":{"line":26,"column":6},"end":{"line":26,"column":null}},"14":{"start":{"line":26,"column":51},"end":{"line":26,"column":85}},"15":{"start":{"line":30,"column":4},"end":{"line":30,"column":null}},"16":{"start":{"line":30,"column":33},"end":{"line":30,"column":null}},"17":{"start":{"line":33,"column":4},"end":{"line":37,"column":null}},"18":{"start":{"line":34,"column":20},"end":{"line":34,"column":null}},"19":{"start":{"line":35,"column":21},"end":{"line":35,"column":null}},"20":{"start":{"line":36,"column":6},"end":{"line":36,"column":null}},"21":{"start":{"line":39,"column":4},"end":{"line":42,"column":null}},"22":{"start":{"line":46,"column":17},"end":{"line":46,"column":null}},"23":{"start":{"line":46,"column":33},"end":{"line":46,"column":null}},"24":{"start":{"line":47,"column":4},"end":{"line":47,"column":null}},"25":{"start":{"line":51,"column":18},"end":{"line":51,"column":null}},"26":{"start":{"line":51,"column":39},"end":{"line":51,"column":null}},"27":{"start":{"line":52,"column":4},"end":{"line":55,"column":null}},"28":{"start":{"line":53,"column":6},"end":{"line":53,"column":null}},"29":{"start":{"line":54,"column":6},"end":{"line":54,"column":null}},"30":{"start":{"line":56,"column":4},"end":{"line":56,"column":null}},"31":{"start":{"line":60,"column":20},"end":{"line":60,"column":null}},"32":{"start":{"line":61,"column":4},"end":{"line":61,"column":null}},"33":{"start":{"line":62,"column":4},"end":{"line":62,"column":null}},"34":{"start":{"line":66,"column":4},"end":{"line":66,"column":null}},"35":{"start":{"line":67,"column":4},"end":{"line":67,"column":null}},"36":{"start":{"line":71,"column":18},"end":{"line":71,"column":null}},"37":{"start":{"line":71,"column":39},"end":{"line":71,"column":55}},"38":{"start":{"line":72,"column":4},"end":{"line":75,"column":null}},"39":{"start":{"line":73,"column":6},"end":{"line":73,"column":null}},"40":{"start":{"line":74,"column":6},"end":{"line":74,"column":null}},"41":{"start":{"line":76,"column":4},"end":{"line":76,"column":null}},"42":{"start":{"line":80,"column":0},"end":{"line":80,"column":null}}},"fnMap":{"0":{"name":"(anonymous_0)","decl":{"start":{"line":6,"column":2},"end":{"line":6,"column":14}},"loc":{"start":{"line":6,"column":20},"end":{"line":15,"column":null}}},"1":{"name":"(anonymous_1)","decl":{"start":{"line":17,"column":2},"end":{"line":17,"column":15}},"loc":{"start":{"line":17,"column":15},"end":{"line":19,"column":null}}},"2":{"name":"(anonymous_2)","decl":{"start":{"line":21,"column":2},"end":{"line":21,"column":15}},"loc":{"start":{"line":21,"column":37},"end":{"line":43,"column":null}}},"3":{"name":"(anonymous_3)","decl":{"start":{"line":26,"column":43},"end":{"line":26,"column":51}},"loc":{"start":{"line":26,"column":51},"end":{"line":26,"column":85}}},"4":{"name":"(anonymous_4)","decl":{"start":{"line":30,"column":23},"end":{"line":30,"column":24}},"loc":{"start":{"line":30,"column":33},"end":{"line":30,"column":null}}},"5":{"name":"(anonymous_5)","decl":{"start":{"line":45,"column":2},"end":{"line":45,"column":15}},"loc":{"start":{"line":45,"column":28},"end":{"line":48,"column":null}}},"6":{"name":"(anonymous_6)","decl":{"start":{"line":46,"column":28},"end":{"line":46,"column":33}},"loc":{"start":{"line":46,"column":33},"end":{"line":46,"column":null}}},"7":{"name":"(anonymous_7)","decl":{"start":{"line":50,"column":2},"end":{"line":50,"column":15}},"loc":{"start":{"line":50,"column":27},"end":{"line":57,"column":null}}},"8":{"name":"(anonymous_8)","decl":{"start":{"line":51,"column":34},"end":{"line":51,"column":39}},"loc":{"start":{"line":51,"column":39},"end":{"line":51,"column":null}}},"9":{"name":"(anonymous_9)","decl":{"start":{"line":59,"column":2},"end":{"line":59,"column":15}},"loc":{"start":{"line":59,"column":32},"end":{"line":63,"column":null}}},"10":{"name":"(anonymous_10)","decl":{"start":{"line":65,"column":2},"end":{"line":65,"column":9}},"loc":{"start":{"line":65,"column":17},"end":{"line":68,"column":null}}},"11":{"name":"(anonymous_11)","decl":{"start":{"line":70,"column":2},"end":{"line":70,"column":8}},"loc":{"start":{"line":70,"column":15},"end":{"line":77,"column":null}}},"12":{"name":"(anonymous_12)","decl":{"start":{"line":71,"column":34},"end":{"line":71,"column":39}},"loc":{"start":{"line":71,"column":39},"end":{"line":71,"column":55}}}},"branchMap":{"0":{"loc":{"start":{"line":7,"column":14},"end":{"line":7,"column":null}},"type":"binary-expr","locations":[{"start":{"line":7,"column":14},"end":{"line":7,"column":21}},{"start":{"line":7,"column":25},"end":{"line":7,"column":null}}]},"1":{"loc":{"start":{"line":9,"column":23},"end":{"line":9,"column":null}},"type":"binary-expr","locations":[{"start":{"line":9,"column":23},"end":{"line":9,"column":39}},{"start":{"line":9,"column":43},"end":{"line":9,"column":null}}]},"2":{"loc":{"start":{"line":10,"column":20},"end":{"line":10,"column":null}},"type":"binary-expr","locations":[{"start":{"line":10,"column":20},"end":{"line":10,"column":33}},{"start":{"line":10,"column":37},"end":{"line":10,"column":null}}]},"3":{"loc":{"start":{"line":11,"column":18},"end":{"line":11,"column":null}},"type":"binary-expr","locations":[{"start":{"line":11,"column":18},"end":{"line":11,"column":29}},{"start":{"line":11,"column":33},"end":{"line":11,"column":null}}]},"4":{"loc":{"start":{"line":12,"column":19},"end":{"line":12,"column":null}},"type":"binary-expr","locations":[{"start":{"line":12,"column":19},"end":{"line":12,"column":31}},{"start":{"line":12,"column":35},"end":{"line":12,"column":null}}]},"5":{"loc":{"start":{"line":13,"column":21},"end":{"line":13,"column":null}},"type":"binary-expr","locations":[{"start":{"line":13,"column":21},"end":{"line":13,"column":35}},{"start":{"line":13,"column":39},"end":{"line":13,"column":null}}]},"6":{"loc":{"start":{"line":14,"column":21},"end":{"line":14,"column":null}},"type":"binary-expr","locations":[{"start":{"line":14,"column":21},"end":{"line":14,"column":35}},{"start":{"line":14,"column":39},"end":{"line":14,"column":null}}]},"7":{"loc":{"start":{"line":21,"column":23},"end":{"line":21,"column":35}},"type":"default-arg","locations":[{"start":{"line":21,"column":33},"end":{"line":21,"column":35}}]},"8":{"loc":{"start":{"line":25,"column":4},"end":{"line":27,"column":null}},"type":"if","locations":[{"start":{"line":25,"column":4},"end":{"line":27,"column":null}}]},"9":{"loc":{"start":{"line":33,"column":4},"end":{"line":37,"column":null}},"type":"if","locations":[{"start":{"line":33,"column":4},"end":{"line":37,"column":null}}]},"10":{"loc":{"start":{"line":33,"column":8},"end":{"line":33,"column":39}},"type":"binary-expr","locations":[{"start":{"line":33,"column":8},"end":{"line":33,"column":21}},{"start":{"line":33,"column":25},"end":{"line":33,"column":39}}]},"11":{"loc":{"start":{"line":34,"column":20},"end":{"line":34,"column":null}},"type":"binary-expr","locations":[{"start":{"line":34,"column":20},"end":{"line":34,"column":47}},{"start":{"line":34,"column":47},"end":{"line":34,"column":null}}]},"12":{"loc":{"start":{"line":35,"column":21},"end":{"line":35,"column":null}},"type":"binary-expr","locations":[{"start":{"line":35,"column":21},"end":{"line":35,"column":49}},{"start":{"line":35,"column":49},"end":{"line":35,"column":null}}]},"13":{"loc":{"start":{"line":47,"column":11},"end":{"line":47,"column":null}},"type":"cond-expr","locations":[{"start":{"line":47,"column":18},"end":{"line":47,"column":40}},{"start":{"line":47,"column":40},"end":{"line":47,"column":null}}]},"14":{"loc":{"start":{"line":52,"column":4},"end":{"line":55,"column":null}},"type":"if","locations":[{"start":{"line":52,"column":4},"end":{"line":55,"column":null}}]},"15":{"loc":{"start":{"line":72,"column":4},"end":{"line":75,"column":null}},"type":"if","locations":[{"start":{"line":72,"column":4},"end":{"line":75,"column":null}}]}},"s":{"0":1,"1":1,"2":19,"3":19,"4":19,"5":19,"6":19,"7":19,"8":19,"9":19,"10":20,"11":4,"12":4,"13":0,"14":0,"15":4,"16":10,"17":4,"18":1,"19":1,"20":1,"21":4,"22":2,"23":1,"24":2,"25":0,"26":0,"27":0,"28":0,"29":0,"30":0,"31":11,"32":11,"33":11,"34":13,"35":13,"36":2,"37":1,"38":2,"39":1,"40":1,"41":2,"42":1},"f":{"0":19,"1":20,"2":4,"3":0,"4":10,"5":2,"6":1,"7":0,"8":0,"9":11,"10":13,"11":2,"12":1},"b":{"0":[19,18],"1":[19,17],"2":[19,14],"3":[19,18],"4":[19,19],"5":[19,18],"6":[19,18],"7":[3],"8":[0],"9":[1],"10":[4,3],"11":[1,0],"12":[1,0],"13":[1,1],"14":[0],"15":[1]}}
,"C:\\Users\\MiracleAdams\\projects\\taskManager\\task-manager-api\\src\\app.js": {"path":"C:\\Users\\MiracleAdams\\projects\\taskManager\\task-manager-api\\src\\app.js","statementMap":{"0":{"start":{"line":1,"column":16},"end":{"line":1,"column":null}},"1":{"start":{"line":2,"column":20},"end":{"line":2,"column":null}},"2":{"start":{"line":3,"column":21},"end":{"line":3,"column":null}},"3":{"start":{"line":4,"column":16},"end":{"line":4,"column":null}},"4":{"start":{"line":6,"column":12},"end":{"line":6,"column":null}},"5":{"start":{"line":8,"column":0},"end":{"line":8,"column":null}},"6":{"start":{"line":9,"column":0},"end":{"line":9,"column":null}},"7":{"start":{"line":11,"column":0},"end":{"line":11,"column":null}},"8":{"start":{"line":12,"column":0},"end":{"line":12,"column":null}},"9":{"start":{"line":15,"column":0},"end":{"line":18,"column":null}},"10":{"start":{"line":16,"column":2},"end":{"line":16,"column":null}},"11":{"start":{"line":17,"column":2},"end":{"line":17,"column":null}},"12":{"start":{"line":20,"column":0},"end":{"line":20,"column":null}}},"fnMap":{"0":{"name":"(anonymous_0)","decl":{"start":{"line":15,"column":8},"end":{"line":15,"column":9}},"loc":{"start":{"line":15,"column":24},"end":{"line":18,"column":null}}}},"branchMap":{},"s":{"0":1,"1":1,"2":1,"3":1,"4":1,"5":1,"6":1,"7":1,"8":1,"9":1,"10":0,"11":0,"12":1},"f":{"0":0},"b":{}}
,"C:\\Users\\MiracleAdams\\projects\\taskManager\\task-manager-api\\src\\controllers\\taskController.js": {"path":"C:\\Users\\MiracleAdams\\projects\\taskManager\\task-manager-api\\src\\controllers\\taskController.js","statementMap":{"0":{"start":{"line":1,"column":12},"end":{"line":1,"column":14}},"1":{"start":{"line":2,"column":13},"end":{"line":2,"column":null}},"2":{"start":{"line":4,"column":0},"end":{"line":6,"column":null}},"3":{"start":{"line":5,"column":2},"end":{"line":5,"column":null}},"4":{"start":{"line":8,"column":0},"end":{"line":13,"column":null}},"5":{"start":{"line":9,"column":39},"end":{"line":9,"column":47}},"6":{"start":{"line":10,"column":15},"end":{"line":10,"column":null}},"7":{"start":{"line":11,"column":2},"end":{"line":11,"column":null}},"8":{"start":{"line":12,"column":2},"end":{"line":12,"column":null}},"9":{"start":{"line":15,"column":0},"end":{"line":19,"column":null}},"10":{"start":{"line":16,"column":12},"end":{"line":16,"column":null}},"11":{"start":{"line":16,"column":28},"end":{"line":16,"column":50}},"12":{"start":{"line":17,"column":2},"end":{"line":17,"column":null}},"13":{"start":{"line":17,"column":10},"end":{"line":17,"column":null}},"14":{"start":{"line":18,"column":2},"end":{"line":18,"column":null}},"15":{"start":{"line":21,"column":0},"end":{"line":28,"column":null}},"16":{"start":{"line":22,"column":12},"end":{"line":22,"column":null}},"17":{"start":{"line":22,"column":28},"end":{"line":22,"column":50}},"18":{"start":{"line":23,"column":2},"end":{"line":23,"column":null}},"19":{"start":{"line":23,"column":10},"end":{"line":23,"column":null}},"20":{"start":{"line":24,"column":31},"end":{"line":24,"column":39}},"21":{"start":{"line":25,"column":2},"end":{"line":25,"column":null}},"22":{"start":{"line":25,"column":27},"end":{"line":25,"column":null}},"23":{"start":{"line":26,"column":2},"end":{"line":26,"column":null}},"24":{"start":{"line":26,"column":31},"end":{"line":26,"column":null}},"25":{"start":{"line":27,"column":2},"end":{"line":27,"column":null}},"26":{"start":{"line":30,"column":0},"end":{"line":35,"column":null}},"27":{"start":{"line":31,"column":14},"end":{"line":31,"column":null}},"28":{"start":{"line":31,"column":35},"end":{"line":31,"column":57}},"29":{"start":{"line":32,"column":2},"end":{"line":32,"column":null}},"30":{"start":{"line":32,"column":18},"end":{"line":32,"column":null}},"31":{"start":{"line":33,"column":2},"end":{"line":33,"column":null}},"32":{"start":{"line":34,"column":2},"end":{"line":34,"column":null}},"33":{"start":{"line":38,"column":0},"end":{"line":38,"column":null}},"34":{"start":{"line":38,"column":25},"end":{"line":38,"column":37}},"35":{"start":{"line":38,"column":37},"end":{"line":38,"column":48}}},"fnMap":{"0":{"name":"(anonymous_0)","decl":{"start":{"line":4,"column":19},"end":{"line":4,"column":20}},"loc":{"start":{"line":4,"column":25},"end":{"line":6,"column":null}}},"1":{"name":"(anonymous_1)","decl":{"start":{"line":8,"column":21},"end":{"line":8,"column":22}},"loc":{"start":{"line":8,"column":27},"end":{"line":13,"column":null}}},"2":{"name":"(anonymous_2)","decl":{"start":{"line":15,"column":18},"end":{"line":15,"column":19}},"loc":{"start":{"line":15,"column":24},"end":{"line":19,"column":null}}},"3":{"name":"(anonymous_3)","decl":{"start":{"line":16,"column":23},"end":{"line":16,"column":28}},"loc":{"start":{"line":16,"column":28},"end":{"line":16,"column":50}}},"4":{"name":"(anonymous_4)","decl":{"start":{"line":21,"column":21},"end":{"line":21,"column":22}},"loc":{"start":{"line":21,"column":27},"end":{"line":28,"column":null}}},"5":{"name":"(anonymous_5)","decl":{"start":{"line":22,"column":23},"end":{"line":22,"column":28}},"loc":{"start":{"line":22,"column":28},"end":{"line":22,"column":50}}},"6":{"name":"(anonymous_6)","decl":{"start":{"line":30,"column":21},"end":{"line":30,"column":22}},"loc":{"start":{"line":30,"column":27},"end":{"line":35,"column":null}}},"7":{"name":"(anonymous_7)","decl":{"start":{"line":31,"column":30},"end":{"line":31,"column":35}},"loc":{"start":{"line":31,"column":35},"end":{"line":31,"column":57}}},"8":{"name":"(anonymous_8)","decl":{"start":{"line":38,"column":17},"end":{"line":38,"column":25}},"loc":{"start":{"line":38,"column":17},"end":{"line":38,"column":null}}}},"branchMap":{"0":{"loc":{"start":{"line":9,"column":17},"end":{"line":9,"column":34}},"type":"default-arg","locations":[{"start":{"line":9,"column":29},"end":{"line":9,"column":34}}]},"1":{"loc":{"start":{"line":17,"column":2},"end":{"line":17,"column":null}},"type":"if","locations":[{"start":{"line":17,"column":2},"end":{"line":17,"column":null}}]},"2":{"loc":{"start":{"line":23,"column":2},"end":{"line":23,"column":null}},"type":"if","locations":[{"start":{"line":23,"column":2},"end":{"line":23,"column":null}}]},"3":{"loc":{"start":{"line":25,"column":2},"end":{"line":25,"column":null}},"type":"if","locations":[{"start":{"line":25,"column":2},"end":{"line":25,"column":null}}]},"4":{"loc":{"start":{"line":26,"column":2},"end":{"line":26,"column":null}},"type":"if","locations":[{"start":{"line":26,"column":2},"end":{"line":26,"column":null}}]},"5":{"loc":{"start":{"line":32,"column":2},"end":{"line":32,"column":null}},"type":"if","locations":[{"start":{"line":32,"column":2},"end":{"line":32,"column":null}}]}},"s":{"0":2,"1":2,"2":2,"3":2,"4":2,"5":2,"6":2,"7":2,"8":2,"9":2,"10":0,"11":0,"12":0,"13":0,"14":0,"15":2,"16":0,"17":0,"18":0,"19":0,"20":0,"21":0,"22":0,"23":0,"24":0,"25":0,"26":2,"27":0,"28":0,"29":0,"30":0,"31":0,"32":0,"33":2,"34":3,"35":3},"f":{"0":2,"1":2,"2":0,"3":0,"4":0,"5":0,"6":0,"7":0,"8":3},"b":{"0":[2],"1":[0],"2":[0],"3":[0],"4":[0],"5":[0]}}
,"C:\\Users\\MiracleAdams\\projects\\taskManager\\task-manager-api\\src\\middleware\\logging.js": {"path":"C:\\Users\\MiracleAdams\\projects\\taskManager\\task-manager-api\\src\\middleware\\logging.js","statementMap":{"0":{"start":{"line":1,"column":15},"end":{"line":1,"column":null}},"1":{"start":{"line":3,"column":0},"end":{"line":6,"column":null}},"2":{"start":{"line":4,"column":2},"end":{"line":4,"column":null}},"3":{"start":{"line":5,"column":2},"end":{"line":5,"column":null}}},"fnMap":{"0":{"name":"(anonymous_0)","decl":{"start":{"line":3,"column":17},"end":{"line":3,"column":18}},"loc":{"start":{"line":3,"column":28},"end":{"line":6,"column":null}}}},"branchMap":{},"s":{"0":1,"1":1,"2":3,"3":3},"f":{"0":3},"b":{}}
,"C:\\Users\\MiracleAdams\\projects\\taskManager\\task-manager-api\\src\\middleware\\validation.js": {"path":"C:\\Users\\MiracleAdams\\projects\\taskManager\\task-manager-api\\src\\middleware\\validation.js","statementMap":{"0":{"start":{"line":1,"column":0},"end":{"line":7,"column":null}},"1":{"start":{"line":2,"column":20},"end":{"line":2,"column":28}},"2":{"start":{"line":3,"column":2},"end":{"line":5,"column":null}},"3":{"start":{"line":4,"column":4},"end":{"line":4,"column":null}},"4":{"start":{"line":6,"column":2},"end":{"line":6,"column":null}}},"fnMap":{"0":{"name":"(anonymous_0)","decl":{"start":{"line":1,"column":23},"end":{"line":1,"column":24}},"loc":{"start":{"line":1,"column":34},"end":{"line":7,"column":null}}}},"branchMap":{"0":{"loc":{"start":{"line":3,"column":2},"end":{"line":5,"column":null}},"type":"if","locations":[{"start":{"line":3,"column":2},"end":{"line":5,"column":null}}]},"1":{"loc":{"start":{"line":3,"column":6},"end":{"line":3,"column":43}},"type":"binary-expr","locations":[{"start":{"line":3,"column":6},"end":{"line":3,"column":16}},{"start":{"line":3,"column":16},"end":{"line":3,"column":43}}]}},"s":{"0":1,"1":1,"2":1,"3":0,"4":1},"f":{"0":1},"b":{"0":[0],"1":[1,1]}}
,"C:\\Users\\MiracleAdams\\projects\\taskManager\\task-manager-api\\src\\routes\\health.js": {"path":"C:\\Users\\MiracleAdams\\projects\\taskManager\\task-manager-api\\src\\routes\\health.js","statementMap":{"0":{"start":{"line":1,"column":16},"end":{"line":1,"column":null}},"1":{"start":{"line":2,"column":15},"end":{"line":2,"column":null}},"2":{"start":{"line":4,"column":0},"end":{"line":6,"column":null}},"3":{"start":{"line":5,"column":2},"end":{"line":5,"column":null}},"4":{"start":{"line":8,"column":0},"end":{"line":8,"column":null}}},"fnMap":{"0":{"name":"(anonymous_0)","decl":{"start":{"line":4,"column":16},"end":{"line":4,"column":17}},"loc":{"start":{"line":4,"column":22},"end":{"line":6,"column":null}}}},"branchMap":{},"s":{"0":1,"1":1,"2":1,"3":1,"4":1},"f":{"0":1},"b":{}}
,"C:\\Users\\MiracleAdams\\projects\\taskManager\\task-manager-api\\src\\routes\\tasks.js": {"path":"C:\\Users\\MiracleAdams\\projects\\taskManager\\task-manager-api\\src\\routes\\tasks.js","statementMap":{"0":{"start":{"line":1,"column":16},"end":{"line":1,"column":null}},"1":{"start":{"line":2,"column":15},"end":{"line":2,"column":null}},"2":{"start":{"line":3,"column":19},"end":{"line":3,"column":null}},"3":{"start":{"line":4,"column":25},"end":{"line":4,"column":null}},"4":{"start":{"line":6,"column":0},"end":{"line":6,"column":null}},"5":{"start":{"line":7,"column":0},"end":{"line":7,"column":null}},"6":{"start":{"line":8,"column":0},"end":{"line":8,"column":null}},"7":{"start":{"line":9,"column":0},"end":{"line":9,"column":null}},"8":{"start":{"line":10,"column":0},"end":{"line":10,"column":null}},"9":{"start":{"line":12,"column":0},"end":{"line":12,"column":null}}},"fnMap":{},"branchMap":{},"s":{"0":1,"1":1,"2":1,"3":1,"4":1,"5":1,"6":1,"7":1,"8":1,"9":1},"f":{},"b":{}}
,"C:\\Users\\MiracleAdams\\projects\\taskManager\\task-manager-api\\src\\utils\\logger.js": {"path":"C:\\Users\\MiracleAdams\\projects\\taskManager\\task-manager-api\\src\\utils\\logger.js","statementMap":{"0":{"start":{"line":1,"column":0},"end":{"line":1,"column":null}},"1":{"start":{"line":1,"column":28},"end":{"line":1,"column":null}},"2":{"start":{"line":2,"column":0},"end":{"line":2,"column":null}},"3":{"start":{"line":2,"column":29},"end":{"line":2,"column":null}}},"fnMap":{"0":{"name":"(anonymous_0)","decl":{"start":{"line":1,"column":15},"end":{"line":1,"column":16}},"loc":{"start":{"line":1,"column":28},"end":{"line":1,"column":null}}},"1":{"name":"(anonymous_1)","decl":{"start":{"line":2,"column":16},"end":{"line":2,"column":17}},"loc":{"start":{"line":2,"column":29},"end":{"line":2,"column":null}}}},"branchMap":{},"s":{"0":1,"1":3,"2":1,"3":0},"f":{"0":3,"1":0},"b":{}}
}
