TN:
SF:src\app\api\tasks\route.ts
FN:4,POST
FN:49,GET
FNF:2
FNH:2
FNDA:8,POST
FNDA:10,GET
DA:1,2
DA:2,2
DA:4,8
DA:5,8
DA:6,8
DA:7,8
DA:10,8
DA:12,8
DA:13,2
DA:20,8
DA:21,1
DA:28,8
DA:29,3
DA:32,5
DA:39,4
DA:41,1
DA:42,1
DA:49,10
DA:50,10
DA:51,10
DA:52,10
DA:53,10
DA:54,10
DA:57,10
DA:59,10
DA:60,1
DA:67,10
DA:68,1
DA:75,10
DA:76,1
DA:83,10
DA:84,2
DA:87,8
DA:93,7
DA:101,1
DA:102,1
LF:36
LH:36
BRDA:12,0,0,2
BRDA:12,1,0,8
BRDA:12,1,1,6
BRDA:20,2,0,1
BRDA:20,3,0,8
BRDA:20,3,1,5
BRDA:28,4,0,3
BRDA:36,5,0,5
BRDA:36,5,1,2
BRDA:52,6,0,10
BRDA:52,6,1,6
BRDA:53,7,0,10
BRDA:53,7,1,6
BRDA:59,8,0,1
BRDA:67,9,0,1
BRDA:75,10,0,1
BRDA:75,11,0,10
BRDA:75,11,1,3
BRDA:83,12,0,2
BRDA:97,13,0,7
BRDA:97,13,1,5
BRF:21
BRH:21
end_of_record
TN:
SF:src\app\api\tasks\[id]\route.ts
FN:4,DELETE
FNF:1
FNH:1
FNDA:2,DELETE
DA:1,1
DA:2,1
DA:4,2
DA:8,2
DA:9,2
DA:11,2
DA:13,2
DA:14,1
DA:20,1
DA:22,1
DA:27,0
DA:28,0
LF:12
LH:10
BRDA:13,0,0,1
BRF:1
BRH:1
end_of_record
TN:
SF:src\app\api\tasks\[id]\status\route.ts
FN:4,PATCH
FNF:1
FNH:1
FNDA:10,PATCH
DA:1,2
DA:2,2
DA:4,10
DA:8,10
DA:9,10
DA:10,10
DA:11,10
DA:14,10
DA:16,10
DA:17,0
DA:24,10
DA:25,2
DA:32,10
DA:33,2
DA:36,8
DA:38,7
DA:39,2
DA:45,5
DA:46,5
DA:48,4
DA:50,2
DA:51,2
LF:22
LH:21
BRDA:16,0,0,0
BRDA:24,1,0,2
BRDA:24,2,0,10
BRDA:24,2,1,10
BRDA:32,3,0,2
BRDA:38,4,0,2
BRF:6
BRH:5
end_of_record
TN:
SF:src\models\Task.js
FN:6,(anonymous_0)
FN:17,(anonymous_1)
FN:21,(anonymous_2)
FN:26,(anonymous_3)
FN:30,(anonymous_4)
FN:45,(anonymous_5)
FN:46,(anonymous_6)
FN:50,(anonymous_7)
FN:51,(anonymous_8)
FN:59,(anonymous_9)
FN:65,(anonymous_10)
FN:70,(anonymous_11)
FN:71,(anonymous_12)
FNF:13
FNH:10
FNDA:19,(anonymous_0)
FNDA:20,(anonymous_1)
FNDA:4,(anonymous_2)
FNDA:0,(anonymous_3)
FNDA:5,(anonymous_4)
FNDA:2,(anonymous_5)
FNDA:1,(anonymous_6)
FNDA:0,(anonymous_7)
FNDA:0,(anonymous_8)
FNDA:11,(anonymous_9)
FNDA:13,(anonymous_10)
FNDA:2,(anonymous_11)
FNDA:1,(anonymous_12)
DA:2,1
DA:3,1
DA:7,19
DA:8,19
DA:9,19
DA:10,19
DA:11,19
DA:12,19
DA:13,19
DA:14,19
DA:18,20
DA:22,4
DA:25,4
DA:26,0
DA:30,5
DA:33,4
DA:34,1
DA:35,1
DA:36,1
DA:39,4
DA:46,2
DA:47,2
DA:51,0
DA:52,0
DA:53,0
DA:54,0
DA:56,0
DA:60,11
DA:61,11
DA:62,11
DA:66,13
DA:67,13
DA:71,2
DA:72,2
DA:73,1
DA:74,1
DA:76,2
DA:80,1
LF:38
LH:32
BRDA:7,0,0,19
BRDA:7,0,1,18
BRDA:9,1,0,19
BRDA:9,1,1,17
BRDA:10,2,0,19
BRDA:10,2,1,14
BRDA:11,3,0,19
BRDA:11,3,1,18
BRDA:12,4,0,19
BRDA:12,4,1,19
BRDA:13,5,0,19
BRDA:13,5,1,18
BRDA:14,6,0,19
BRDA:14,6,1,18
BRDA:21,7,0,3
BRDA:25,8,0,0
BRDA:33,9,0,1
BRDA:33,10,0,4
BRDA:33,10,1,3
BRDA:34,11,0,1
BRDA:34,11,1,0
BRDA:35,12,0,1
BRDA:35,12,1,0
BRDA:47,13,0,1
BRDA:47,13,1,1
BRDA:52,14,0,0
BRDA:72,15,0,1
BRF:27
BRH:23
end_of_record
